# JRE version: Java(TM) SE Runtime Environment (8.0_161-b12) (build 1.8.0_161-b12)
# Java VM: Java HotSpot(TM) 64-Bit Server VM (25.161-b12 mixed mode windows-amd64 compressed oops)
Heap:
 PSYoungGen      total 304640K, used 149094K [0x00000000d5f80000, 0x00000000ef700000, 0x0000000100000000)
  eden space 289280K, 48% used [0x00000000d5f80000,0x00000000de8ea670,0x00000000e7a00000)
  from space 15360K, 54% used [0x00000000e7a00000,0x00000000e822f2f8,0x00000000e8900000)
  to   space 14848K, 0% used [0x00000000ee880000,0x00000000ee880000,0x00000000ef700000)
 ParOldGen       total 93184K, used 25409K [0x0000000081e00000, 0x0000000087900000, 0x00000000d5f80000)
  object space 93184K, 27% used [0x0000000081e00000,0x00000000836d04d8,0x0000000087900000)
 Metaspace       used 41066K, capacity 41896K, committed 41944K, reserved 1085440K
  class space    used 5305K, capacity 5571K, committed 5592K, reserved 1048576K
GC Heap History (10 events):
Event: 9.182 GC heap before
{Heap before GC invocations=9 (full 1):
 PSYoungGen      total 142848K, used 137946K [0x00000000d5f80000, 0x00000000e4a80000, 0x0000000100000000)
  eden space 133120K, 100% used [0x00000000d5f80000,0x00000000de180000,0x00000000de180000)
  from space 9728K, 49% used [0x00000000de180000,0x00000000de636b10,0x00000000deb00000)
  to   space 9728K, 0% used [0x00000000e4100000,0x00000000e4100000,0x00000000e4a80000)
 ParOldGen       total 54272K, used 6609K [0x0000000081e00000, 0x0000000085300000, 0x00000000d5f80000)
  object space 54272K, 12% used [0x0000000081e00000,0x00000000824745a0,0x0000000085300000)
 Metaspace       used 25375K, capacity 25854K, committed 25984K, reserved 1071104K
  class space    used 3293K, capacity 3430K, committed 3456K, reserved 1048576K
Event: 9.194 GC heap after
Heap after GC invocations=9 (full 1):
 PSYoungGen      total 223744K, used 7527K [0x00000000d5f80000, 0x00000000e4880000, 0x0000000100000000)
  eden space 216064K, 0% used [0x00000000d5f80000,0x00000000d5f80000,0x00000000e3280000)
  from space 7680K, 98% used [0x00000000e4100000,0x00000000e4859c68,0x00000000e4880000)
  to   space 9728K, 0% used [0x00000000e3580000,0x00000000e3580000,0x00000000e3f00000)
 ParOldGen       total 54272K, used 6609K [0x0000000081e00000, 0x0000000085300000, 0x00000000d5f80000)
  object space 54272K, 12% used [0x0000000081e00000,0x00000000824745a0,0x0000000085300000)
 Metaspace       used 25375K, capacity 25854K, committed 25984K, reserved 1071104K
  class space    used 3293K, capacity 3430K, committed 3456K, reserved 1048576K
}
Event: 16.955 GC heap before
{Heap before GC invocations=10 (full 1):
 PSYoungGen      total 223744K, used 223591K [0x00000000d5f80000, 0x00000000e4880000, 0x0000000100000000)
  eden space 216064K, 100% used [0x00000000d5f80000,0x00000000e3280000,0x00000000e3280000)
  from space 7680K, 98% used [0x00000000e4100000,0x00000000e4859c68,0x00000000e4880000)
  to   space 9728K, 0% used [0x00000000e3580000,0x00000000e3580000,0x00000000e3f00000)
 ParOldGen       total 54272K, used 6609K [0x0000000081e00000, 0x0000000085300000, 0x00000000d5f80000)
  object space 54272K, 12% used [0x0000000081e00000,0x00000000824745a0,0x0000000085300000)
 Metaspace       used 33844K, capacity 34422K, committed 34560K, reserved 1079296K
  class space    used 4332K, capacity 4484K, committed 4608K, reserved 1048576K
Event: 16.972 GC heap after
Heap after GC invocations=10 (full 1):
 PSYoungGen      total 228864K, used 9719K [0x00000000d5f80000, 0x00000000e9880000, 0x0000000100000000)
  eden space 219136K, 0% used [0x00000000d5f80000,0x00000000d5f80000,0x00000000e3580000)
  from space 9728K, 99% used [0x00000000e3580000,0x00000000e3efdd08,0x00000000e3f00000)
  to   space 15872K, 0% used [0x00000000e8900000,0x00000000e8900000,0x00000000e9880000)
 ParOldGen       total 54272K, used 19089K [0x0000000081e00000, 0x0000000085300000, 0x00000000d5f80000)
  object space 54272K, 35% used [0x0000000081e00000,0x00000000830a4738,0x0000000085300000)
 Metaspace       used 33844K, capacity 34422K, committed 34560K, reserved 1079296K
  class space    used 4332K, capacity 4484K, committed 4608K, reserved 1048576K
}
Event: 17.602 GC heap before
{Heap before GC invocations=11 (full 1):
 PSYoungGen      total 228864K, used 77704K [0x00000000d5f80000, 0x00000000e9880000, 0x0000000100000000)
  eden space 219136K, 31% used [0x00000000d5f80000,0x00000000da1e43e0,0x00000000e3580000)
  from space 9728K, 99% used [0x00000000e3580000,0x00000000e3efdd08,0x00000000e3f00000)
  to   space 15872K, 0% used [0x00000000e8900000,0x00000000e8900000,0x00000000e9880000)
 ParOldGen       total 54272K, used 19089K [0x0000000081e00000, 0x0000000085300000, 0x00000000d5f80000)
  object space 54272K, 35% used [0x0000000081e00000,0x00000000830a4738,0x0000000085300000)
 Metaspace       used 34807K, capacity 35332K, committed 35416K, reserved 1079296K
  class space    used 4453K, capacity 4615K, committed 4696K, reserved 1048576K
Event: 17.613 GC heap after
Heap after GC invocations=11 (full 1):
 PSYoungGen      total 305152K, used 8420K [0x00000000d5f80000, 0x00000000e9c00000, 0x0000000100000000)
  eden space 289280K, 0% used [0x00000000d5f80000,0x00000000d5f80000,0x00000000e7a00000)
  from space 15872K, 53% used [0x00000000e8900000,0x00000000e91391e0,0x00000000e9880000)
  to   space 15360K, 0% used [0x00000000e7a00000,0x00000000e7a00000,0x00000000e8900000)
 ParOldGen       total 54272K, used 23057K [0x0000000081e00000, 0x0000000085300000, 0x00000000d5f80000)
  object space 54272K, 42% used [0x0000000081e00000,0x0000000083484798,0x0000000085300000)
 Metaspace       used 34807K, capacity 35332K, committed 35416K, reserved 1079296K
  class space    used 4453K, capacity 4615K, committed 4696K, reserved 1048576K
}
Event: 17.613 GC heap before
{Heap before GC invocations=12 (full 2):
 PSYoungGen      total 305152K, used 8420K [0x00000000d5f80000, 0x00000000e9c00000, 0x0000000100000000)
  eden space 289280K, 0% used [0x00000000d5f80000,0x00000000d5f80000,0x00000000e7a00000)
  from space 15872K, 53% used [0x00000000e8900000,0x00000000e91391e0,0x00000000e9880000)
  to   space 15360K, 0% used [0x00000000e7a00000,0x00000000e7a00000,0x00000000e8900000)
 ParOldGen       total 54272K, used 23057K [0x0000000081e00000, 0x0000000085300000, 0x00000000d5f80000)
  object space 54272K, 42% used [0x0000000081e00000,0x0000000083484798,0x0000000085300000)
 Metaspace       used 34807K, capacity 35332K, committed 35416K, reserved 1079296K
  class space    used 4453K, capacity 4615K, committed 4696K, reserved 1048576K
Event: 17.685 GC heap after
Heap after GC invocations=12 (full 2):
 PSYoungGen      total 305152K, used 0K [0x00000000d5f80000, 0x00000000e9c00000, 0x0000000100000000)
  eden space 289280K, 0% used [0x00000000d5f80000,0x00000000d5f80000,0x00000000e7a00000)
  from space 15872K, 0% used [0x00000000e8900000,0x00000000e8900000,0x00000000e9880000)
  to   space 15360K, 0% used [0x00000000e7a00000,0x00000000e7a00000,0x00000000e8900000)
 ParOldGen       total 93184K, used 25401K [0x0000000081e00000, 0x0000000087900000, 0x00000000d5f80000)
  object space 93184K, 27% used [0x0000000081e00000,0x00000000836ce4d8,0x0000000087900000)
 Metaspace       used 34807K, capacity 35332K, committed 35416K, reserved 1079296K
  class space    used 4453K, capacity 4615K, committed 4696K, reserved 1048576K
}
Event: 734.152 GC heap before
{Heap before GC invocations=13 (full 2):
 PSYoungGen      total 305152K, used 289280K [0x00000000d5f80000, 0x00000000e9c00000, 0x0000000100000000)
  eden space 289280K, 100% used [0x00000000d5f80000,0x00000000e7a00000,0x00000000e7a00000)
  from space 15872K, 0% used [0x00000000e8900000,0x00000000e8900000,0x00000000e9880000)
  to   space 15360K, 0% used [0x00000000e7a00000,0x00000000e7a00000,0x00000000e8900000)
 ParOldGen       total 93184K, used 25401K [0x0000000081e00000, 0x0000000087900000, 0x00000000d5f80000)
  object space 93184K, 27% used [0x0000000081e00000,0x00000000836ce4d8,0x0000000087900000)
 Metaspace       used 38640K, capacity 39442K, committed 39512K, reserved 1083392K
  class space    used 4956K, capacity 5171K, committed 5208K, reserved 1048576K
Event: 734.166 GC heap after
Heap after GC invocations=13 (full 2):
 PSYoungGen      total 304640K, used 8380K [0x00000000d5f80000, 0x00000000ef700000, 0x0000000100000000)
  eden space 289280K, 0% used [0x00000000d5f80000,0x00000000d5f80000,0x00000000e7a00000)
  from space 15360K, 54% used [0x00000000e7a00000,0x00000000e822f2f8,0x00000000e8900000)
  to   space 14848K, 0% used [0x00000000ee880000,0x00000000ee880000,0x00000000ef700000)
 ParOldGen       total 93184K, used 25409K [0x0000000081e00000, 0x0000000087900000, 0x00000000d5f80000)
  object space 93184K, 27% used [0x0000000081e00000,0x00000000836d04d8,0x0000000087900000)
 Metaspace       used 38640K, capacity 39442K, committed 39512K, reserved 1083392K
  class space    used 4956K, capacity 5171K, committed 5208K, reserved 1048576K
}

